<?xml version="1.0" encoding="UTF-8"?>
<!-- Generated by org.testng.reporters.JUnitReportReporter -->
<testsuite hostname="DESKTOP-U5B1BD3" failures="0" tests="2" name="testNG.groups" time="0.029" errors="0" timestamp="2023-03-31T11:07:27 IST" skipped="0">
  <testcase classname="testNG.groups" name="add_to_kart" time="0.022"/>
  <system-out/>
  <testcase classname="testNG.groups" name="signup" time="0.007"/>
  <system-out/>
</testsuite> <!-- testNG.groups -->
