<?xml version="1.0" encoding="UTF-8"?>
<!-- Generated by org.testng.reporters.JUnitReportReporter -->
<testsuite hostname="DESKTOP-U5B1BD3" failures="0" tests="24" name="testNG.invo_Count" time="0.166" errors="0" timestamp="2023-03-29T12:43:31 IST" skipped="0">
  <testcase classname="testNG.invo_Count" name="signup" time="0.044"/>
  <system-out/>
  <testcase classname="testNG.invo_Count" name="signup" time="0.005"/>
  <system-out/>
  <testcase classname="testNG.invo_Count" name="signup" time="0.001"/>
  <system-out/>
  <testcase classname="testNG.invo_Count" name="signup" time="0.003"/>
  <system-out/>
  <testcase classname="testNG.invo_Count" name="signup" time="0.003"/>
  <system-out/>
  <testcase classname="testNG.invo_Count" name="signup" time="0.002"/>
  <system-out/>
  <testcase classname="testNG.invo_Count" name="signup" time="0.005"/>
  <system-out/>
  <testcase classname="testNG.invo_Count" name="signup" time="0.005"/>
  <system-out/>
  <testcase classname="testNG.invo_Count" name="signup" time="0.008"/>
  <system-out/>
  <testcase classname="testNG.invo_Count" name="signup" time="0.003"/>
  <system-out/>
  <testcase classname="testNG.invo_Count" name="signup" time="0.006"/>
  <system-out/>
  <testcase classname="testNG.invo_Count" name="signup" time="0.006"/>
  <system-out/>
  <testcase classname="testNG.invo_Count" name="signup" time="0.024"/>
  <system-out/>
  <testcase classname="testNG.invo_Count" name="signup" time="0.006"/>
  <system-out/>
  <testcase classname="testNG.invo_Count" name="signup" time="0.010"/>
  <system-out/>
  <testcase classname="testNG.invo_Count" name="signup" time="0.006"/>
  <system-out/>
  <testcase classname="testNG.invo_Count" name="signup" time="0.005"/>
  <system-out/>
  <testcase classname="testNG.invo_Count" name="signup" time="0.004"/>
  <system-out/>
  <testcase classname="testNG.invo_Count" name="signup" time="0.003"/>
  <system-out/>
  <testcase classname="testNG.invo_Count" name="signup" time="0.004"/>
  <system-out/>
  <testcase classname="testNG.invo_Count" name="search_product" time="0.003"/>
  <system-out/>
  <testcase classname="testNG.invo_Count" name="add_to_kart" time="0.002"/>
  <system-out/>
  <testcase classname="testNG.invo_Count" name="login" time="0.002"/>
  <system-out/>
  <testcase classname="testNG.invo_Count" name="signout" time="0.006"/>
  <system-out/>
</testsuite> <!-- testNG.invo_Count -->
