<?xml version="1.0" encoding="UTF-8"?>
<!-- Generated by org.testng.reporters.JUnitReportReporter -->
<testsuite hostname="DESKTOP-U5B1BD3" failures="0" tests="10" name="before_After_Test.week_2" time="0.024" errors="0" timestamp="2023-04-04T16:07:20 IST" skipped="0">
  <testcase classname="before_After_Test.week_2" name="day1" time="0.001"/>
  <system-out/>
  <testcase classname="before_After_Test.week_2" name="day1" time="0.002"/>
  <system-out/>
  <testcase classname="before_After_Test.week_2" name="day2" time="0.003"/>
  <system-out/>
  <testcase classname="before_After_Test.week_2" name="day2" time="0.002"/>
  <system-out/>
  <testcase classname="before_After_Test.week_2" name="day3" time="0.003"/>
  <system-out/>
  <testcase classname="before_After_Test.week_2" name="day3" time="0.002"/>
  <system-out/>
  <testcase classname="before_After_Test.week_2" name="day4" time="0.006"/>
  <system-out/>
  <testcase classname="before_After_Test.week_2" name="day4" time="0.002"/>
  <system-out/>
  <testcase classname="before_After_Test.week_2" name="day5" time="0.002"/>
  <system-out/>
  <testcase classname="before_After_Test.week_2" name="day5" time="0.001"/>
  <system-out/>
</testsuite> <!-- before_After_Test.week_2 -->
