<?xml version="1.0" encoding="UTF-8"?>
<!-- Generated by org.testng.reporters.JUnitReportReporter -->
<testsuite hostname="DESKTOP-U5B1BD3" failures="0" tests="1" name="testNG.description" time="0.019" errors="0" timestamp="2023-03-29T13:04:16 IST" skipped="0">
  <testcase classname="testNG.description" name="search_product" time="0.019"/>
  <system-out/>
</testsuite> <!-- testNG.description -->
