<?xml version="1.0" encoding="UTF-8"?>
<!-- Generated by org.testng.reporters.JUnitReportReporter -->
<testsuite hostname="DESKTOP-U5B1BD3" failures="0" tests="5" name="testNG.priority" time="0.068" errors="0" timestamp="2023-03-29T11:52:40 IST" skipped="0">
  <testcase classname="testNG.priority" name="signup" time="0.028"/>
  <system-out/>
  <testcase classname="testNG.priority" name="search_product" time="0.012"/>
  <system-out/>
  <testcase classname="testNG.priority" name="add_to_kart" time="0.006"/>
  <system-out/>
  <testcase classname="testNG.priority" name="login" time="0.012"/>
  <system-out/>
  <testcase classname="testNG.priority" name="signout" time="0.010"/>
  <system-out/>
</testsuite> <!-- testNG.priority -->
