<?xml version="1.0" encoding="UTF-8"?>
<!-- Generated by org.testng.reporters.JUnitReportReporter -->
<testsuite hostname="DESKTOP-U5B1BD3" failures="0" tests="4" name="testNG.parallel_testing" time="161.971" errors="0" timestamp="2023-04-03T15:20:24 IST" skipped="0">
  <testcase classname="testNG.parallel_testing" name="launch" time="70.054"/>
  <system-out/>
  <testcase classname="testNG.parallel_testing" name="launch" time="70.054"/>
  <system-out/>
  <testcase classname="testNG.parallel_testing" name="link" time="10.993"/>
  <system-out/>
  <testcase classname="testNG.parallel_testing" name="link" time="10.870"/>
  <system-out/>
</testsuite> <!-- testNG.parallel_testing -->
