<?xml version="1.0" encoding="UTF-8"?>
<!-- Generated by org.testng.reporters.JUnitReportReporter -->
<testsuite hostname="DESKTOP-U5B1BD3" failures="0" tests="5" name="before_After_class_TestNG.week_4" time="0.009" errors="0" timestamp="2023-04-04T15:28:12 IST" skipped="0">
  <testcase classname="before_After_class_TestNG.week_4" name="day1" time="0.004"/>
  <system-out/>
  <testcase classname="before_After_class_TestNG.week_4" name="day2" time="0.001"/>
  <system-out/>
  <testcase classname="before_After_class_TestNG.week_4" name="day3" time="0.001"/>
  <system-out/>
  <testcase classname="before_After_class_TestNG.week_4" name="day4" time="0.001"/>
  <system-out/>
  <testcase classname="before_After_class_TestNG.week_4" name="day5" time="0.002"/>
  <system-out/>
</testsuite> <!-- before_After_class_TestNG.week_4 -->
