<?xml version="1.0" encoding="UTF-8"?>
<!-- Generated by org.testng.reporters.JUnitReportReporter -->
<testsuite hostname="DESKTOP-U5B1BD3" failures="0" tests="1" name="testNG.parameter" time="0.026" errors="0" timestamp="2023-03-31T18:53:25 IST" skipped="0">
  <testcase classname="testNG.parameter" name="para_passing" time="0.026"/>
  <system-out/>
</testsuite> <!-- testNG.parameter -->
