<?xml version="1.0" encoding="UTF-8"?>
<!-- Generated by org.testng.reporters.JUnitReportReporter -->
<testsuite hostname="DESKTOP-U5B1BD3" failures="0" tests="5" name="Annotations.Before_After_Test" time="0.024" errors="0" timestamp="2023-04-03T18:49:13 IST" skipped="0">
  <testcase classname="Annotations.Before_After_Test" name="test1" time="0.014"/>
  <system-out/>
  <testcase classname="Annotations.Before_After_Test" name="test3" time="0.002"/>
  <system-out/>
  <testcase classname="Annotations.Before_After_Test" name="test4" time="0.002"/>
  <system-out/>
  <testcase classname="Annotations.Before_After_Test" name="test2" time="0.003"/>
  <system-out/>
  <testcase classname="Annotations.Before_After_Test" name="test5" time="0.003"/>
  <system-out/>
</testsuite> <!-- Annotations.Before_After_Test -->
