<?xml version="1.0" encoding="UTF-8"?>
<!-- Generated by org.testng.reporters.JUnitReportReporter -->
<testsuite hostname="DESKTOP-U5B1BD3" failures="0" tests="5" name="before_After_method_TestNG.week_1" time="0.068" errors="0" timestamp="2023-04-04T15:38:27 IST" skipped="0">
  <testcase classname="before_After_method_TestNG.week_1" name="day1" time="0.020"/>
  <system-out/>
  <testcase classname="before_After_method_TestNG.week_1" name="day2" time="0.006"/>
  <system-out/>
  <testcase classname="before_After_method_TestNG.week_1" name="day3" time="0.020"/>
  <system-out/>
  <testcase classname="before_After_method_TestNG.week_1" name="day4" time="0.010"/>
  <system-out/>
  <testcase classname="before_After_method_TestNG.week_1" name="day5" time="0.012"/>
  <system-out/>
</testsuite> <!-- before_After_method_TestNG.week_1 -->
