<?xml version="1.0" encoding="UTF-8"?>
<!-- Generated by org.testng.reporters.JUnitReportReporter -->
<testsuite hostname="DESKTOP-U5B1BD3" failures="0" tests="1" name="testNG.timeout" time="0.061" errors="0" timestamp="2023-03-29T13:19:53 IST" skipped="0">
  <testcase classname="testNG.timeout" name="login" time="0.061"/>
  <system-out/>
</testsuite> <!-- testNG.timeout -->
