<?xml version="1.0" encoding="UTF-8"?>
<!-- Generated by org.testng.reporters.JUnitReportReporter -->
<testsuite hostname="DESKTOP-U5B1BD3" failures="0" tests="5" name="before_After_method_TestNG.week_3" time="0.024" errors="0" timestamp="2023-04-04T15:38:27 IST" skipped="0">
  <testcase classname="before_After_method_TestNG.week_3" name="day1" time="0.002"/>
  <system-out/>
  <testcase classname="before_After_method_TestNG.week_3" name="day2" time="0.008"/>
  <system-out/>
  <testcase classname="before_After_method_TestNG.week_3" name="day3" time="0.009"/>
  <system-out/>
  <testcase classname="before_After_method_TestNG.week_3" name="day4" time="0.002"/>
  <system-out/>
  <testcase classname="before_After_method_TestNG.week_3" name="day5" time="0.003"/>
  <system-out/>
</testsuite> <!-- before_After_method_TestNG.week_3 -->
