<?xml version="1.0" encoding="UTF-8"?>
<!-- Generated by org.testng.reporters.JUnitReportReporter -->
<testsuite hostname="DESKTOP-U5B1BD3" failures="0" tests="5" name="Annotations.Before_After_class" time="0.022" errors="0" timestamp="2023-04-03T17:57:00 IST" skipped="0">
  <testcase classname="Annotations.Before_After_class" name="test2" time="0.004"/>
  <system-out/>
  <testcase classname="Annotations.Before_After_class" name="test1" time="0.009"/>
  <system-out/>
  <testcase classname="Annotations.Before_After_class" name="test4" time="0.003"/>
  <system-out/>
  <testcase classname="Annotations.Before_After_class" name="test5" time="0.004"/>
  <system-out/>
  <testcase classname="Annotations.Before_After_class" name="test3" time="0.002"/>
  <system-out/>
</testsuite> <!-- Annotations.Before_After_class -->
