<?xml version="1.0" encoding="UTF-8"?>
<!-- Generated by org.testng.reporters.JUnitReportReporter -->
<testsuite hostname="DESKTOP-U5B1BD3" failures="0" tests="1" name="testNG.data_provider" time="0.000" errors="0" timestamp="2023-04-03T15:51:16 IST" skipped="1">
  <testcase classname="testNG.data_provider" name="launch" time="0.000">
    <skipped/>
  </testcase> <!-- launch -->
  <system-out/>
</testsuite> <!-- testNG.data_provider -->
