<?xml version="1.0" encoding="UTF-8"?>
<!-- Generated by org.testng.reporters.JUnitReportReporter -->
<testsuite hostname="DESKTOP-U5B1BD3" failures="0" tests="5" name="Annotations.Before_After_Method" time="0.057" errors="0" timestamp="2023-04-03T17:58:40 IST" skipped="0">
  <testcase classname="Annotations.Before_After_Method" name="test4" time="0.006"/>
  <system-out/>
  <testcase classname="Annotations.Before_After_Method" name="test1" time="0.021"/>
  <system-out/>
  <testcase classname="Annotations.Before_After_Method" name="test3" time="0.013"/>
  <system-out/>
  <testcase classname="Annotations.Before_After_Method" name="test5" time="0.007"/>
  <system-out/>
  <testcase classname="Annotations.Before_After_Method" name="test2" time="0.010"/>
  <system-out/>
</testsuite> <!-- Annotations.Before_After_Method -->
