<?xml version="1.0" encoding="UTF-8"?>
<!-- Generated by org.testng.reporters.JUnitReportReporter -->
<testsuite hostname="DESKTOP-U5B1BD3" failures="0" tests="5" name="testNG.depends_On" time="0.052" errors="0" timestamp="2023-03-29T12:06:30 IST" skipped="0">
  <testcase classname="testNG.depends_On" name="signout" time="0.005"/>
  <system-out/>
  <testcase classname="testNG.depends_On" name="signup" time="0.028"/>
  <system-out/>
  <testcase classname="testNG.depends_On" name="login" time="0.005"/>
  <system-out/>
  <testcase classname="testNG.depends_On" name="add_to_kart" time="0.007"/>
  <system-out/>
  <testcase classname="testNG.depends_On" name="search_product" time="0.007"/>
  <system-out/>
</testsuite> <!-- testNG.depends_On -->
